Unhandled exception. System.InvalidOperationException: A panel with IsItemsHost="true" is not nested in an ItemsControl. Panel must be nested in ItemsControl to get and show items.
   at System.Windows.Controls.Panel.ConnectToGenerator()
   at System.Windows.Controls.Panel.EnsureGenerator()
   at System.Windows.Controls.Panel.get_InternalChildren()
   at AdvancedWPFGrid.Controls.VirtualizingGridPanel.RealizeDataRow(Int32 index, Object item, Int32 startIndex) in C:\AdvancedGrid\AdvancedWPFGrid\src\AdvancedWPFGrid\Controls\VirtualizingGridPanel.cs:line 343
   at AdvancedWPFGrid.Controls.VirtualizingGridPanel.RealizeVisibleRows(Int32 startIndex, Int32 endIndex, List`1 items, Double width) in C:\AdvancedGrid\AdvancedWPFGrid\src\AdvancedWPFGrid\Controls\VirtualizingGridPanel.cs:line 309
   at AdvancedWPFGrid.Controls.VirtualizingGridPanel.MeasureOverride(Size availableSize) in C:\AdvancedGrid\AdvancedWPFGrid\src\AdvancedWPFGrid\Controls\VirtualizingGridPanel.cs:line 76
   at System.Windows.FrameworkElement.MeasureCore(Size availableSize)
   at System.Windows.UIElement.Measure(Size availableSize)
   at System.Windows.ContextLayoutManager.UpdateLayout()
   at System.Windows.Interop.HwndSource.SetLayoutSize()
   at System.Windows.Interop.HwndSource.set_RootVisualInternal(Visual value)
   at System.Windows.Window.SetRootVisualAndUpdateSTC()
   at System.Windows.Window.SetupInitialState(Double requestedTop, Double requestedLeft, Double requestedWidth, Double requestedHeight)
   at System.Windows.Window.CreateSourceWindow(Boolean duringShow)
   at System.Windows.Window.ShowHelper(Object booleanBox)
   at System.Windows.Threading.ExceptionWrapper.InternalRealCall(Delegate callback, Object args, Int32 numArgs)
   at System.Windows.Threading.ExceptionWrapper.TryCatchWhen(Object source, Delegate callback, Object args, Int32 numArgs, Delegate catchHandler)
   at System.Windows.Threading.DispatcherOperation.InvokeImpl()
   at MS.Internal.CulturePreservingExecutionContext.CallbackWrapper(Object obj)
   at System.Threading.ExecutionContext.RunInternal(ExecutionContext executionContext, ContextCallback callback, Object state)
--- End of stack trace from previous location ---
   at System.Threading.ExecutionContext.RunInternal(ExecutionContext executionContext, ContextCallback callback, Object state)
   at MS.Internal.CulturePreservingExecutionContext.Run(CulturePreservingExecutionContext executionContext, ContextCallback callback, Object state)
   at System.Windows.Threading.DispatcherOperation.Invoke()
   at System.Windows.Threading.Dispatcher.ProcessQueue()
   at System.Windows.Threading.Dispatcher.WndProcHook(IntPtr hwnd, Int32 msg, IntPtr wParam, IntPtr lParam, Boolean& handled)
   at MS.Win32.HwndWrapper.WndProc(IntPtr hwnd, Int32 msg, IntPtr wParam, IntPtr lParam, Boolean& handled)
   at MS.Win32.HwndSubclass.DispatcherCallbackOperation(Object o)
   at System.Windows.Threading.ExceptionWrapper.InternalRealCall(Delegate callback, Object args, Int32 numArgs)
   at System.Windows.Threading.ExceptionWrapper.TryCatchWhen(Object source, Delegate callback, Object args, Int32 numArgs, Delegate catchHandler)
   at System.Windows.Threading.Dispatcher.LegacyInvokeImpl(DispatcherPriority priority, TimeSpan timeout, Delegate method, Object args, Int32 numArgs)
   at MS.Win32.HwndSubclass.SubclassWndProc(IntPtr hwnd, Int32 msg, IntPtr wParam, IntPtr lParam)
   at MS.Win32.UnsafeNativeMethods.DispatchMessage(MSG& msg)
   at System.Windows.Threading.Dispatcher.PushFrameImpl(DispatcherFrame frame)
   at System.Windows.Application.RunDispatcher(Object ignore)
   at System.Windows.Application.RunInternal(Window window)
   at EasyUse.App.Main()
